parameter file: page.parameters
trace file: hm0.csv
-----------------------parameter file----------------------
#parameter file
dram capacity = 131074;     #the unit is B
chip number[0] = 2;
chip number[1] = 2;
chip number[2] = 0;
chip number[3] = 0;
chip number[4] = 0;
chip number[5] = 0;
chip number[6] = 0;
chip number[7] = 0;
chip number[8] = 0;
chip number[9] = 0;
chip number[10] = 0;
chip number[11] = 0;
chip number[12] = 0;
chip number[13] = 0;
chip number[14] = 0;
chip number[15] = 0;
chip number[16] = 0;
chip number[17] = 0;
chip number[18] = 0;
channel number = 2;   #the number of channel
chip number = 4;
die number = 2;      
plane number = 2;
block number = 2048;
page number = 64;
subpage page = 4;
page capacity = 2048;
subpage capacity = 512;
t_PROG = 200000;             #the unit is ns
t_DBSY = 50;
t_BERS = 1500000;
t_CLS = 12;
t_CLH = 5;
t_CS = 20;
t_CH = 5;
t_WP = 12;
t_ALS = 12;
t_ALH = 5;
t_DS = 12;
t_DH = 5;
t_WC = 25;
t_WH = 10;
t_ADL = 70;
t_R = 20000;
t_AR = 10;
t_CLR = 10;
t_RR = 20;
t_RP = 12;
t_WB = 100;
t_RC = 25;
t_REA = 30;
t_CEA = 45;
t_RHZ = 100;
t_CHZ = 30;
t_RHOH = 15;
t_RLOH = 5;
t_COH = 15;
t_REH = 10;
t_IR = 0;
t_RHW = 100;
t_WHR = 60;
t_RST = 5000;
erase limit=100000;                          #record the erasure number of block
flash operating current=25000.0;               #unit is uA
flash supply voltage=3.3;                    #voltage is 3.3V	
dram active current=125000;                     #active current of DRAM£¬unit is uA
dram standby current=50000;                     #standby current of DRAM£¬unit is uA 
dram refresh current=5000;                     #refresh current of DRAM£¬unit is uA
dram voltage=3.3;                      #working voltage of DRAM£¬unit is V    3.3V
address mapping=1;                    #mapping schemes£¬1£ºpage£»2£ºblock£»3£ºfast
wear leveling=1;                      #record WL algorithm mode
gc=1;                                 #record garbage collection mode
overprovide=0.10;                     #reserved area percentage, unavailable to users
gc threshold=0.30;                    #GC operation begins when this threshold is reached.
buffer management=0;                  #record buffer scheme
scheduling algorithm=1;               #1:FCFS recordscheduling algorithm mode, 1 means FCFS
gc hard threshold=0.30;          #
allocation=0;                   #0 for dynamic allocation, 1 for static allocation
static_allocation=2;            #record static allocation mode like all static allocation modes0-6 in ICS2011 paper
dynamic_allocation=0;           #record dynamic allocation mode, 0 for all dynamic, 1 for fixed channel and dynamic package, die, plane
advanced command=31;             #advanced command indicator, 0 for no advanced command, bin number 00001 for random, 00010 for copyback, 00100 for two-plane-program, 01000 for interleave, 10000 for two-plane-read, 11111 for using all£»
advanced command priority=0;    #0 for interleave is prior to two-plane, 1 for two-plane is prior to interleave
greed CB command=0;            #1 for using copyback command greedily, 0 for not
greed MPW command=1;            #1 for using multi-plane write greedily, 0 for not
aged=0;                         #1 for making SSD aged, 0 for keeping SSD non-aged
aged ratio=0.7;                #If we need to make SSD aged, set the aged ratio in advance
-----------------------simulation output----------------------
chip:0,die:0,plane:0 have free page: 130867
chip:0,die:0,plane:1 have free page: 130867
chip:0,die:1,plane:0 have free page: 130867
chip:0,die:1,plane:1 have free page: 130868
chip:1,die:0,plane:0 have free page: 130867
chip:1,die:0,plane:1 have free page: 130867
chip:1,die:1,plane:0 have free page: 130867
chip:1,die:1,plane:1 have free page: 130868
									OUTPUT
****************** TRACE INFO ******************
      arrive           lsn     size ope     begin time    response time    process time
128166385295514663    5545177      4  0 128166385295514663 128166385295515663       1000
8166385295514878    3926512      1  0 8166385295514878 8166385295515878       1000
128166385295515175    7401505      8  0 128166385295515175 128166385295516175       1000
128166385301451520    7300794      8  0 128166385301451520 128166385301452520       1000
128166385301453920    5888493      8  0 128166385301453920 128166385301454920       1000
128166385301454075    5884397      8  0 128166385301454075 128166385301455075       1000
128166385305515297    2546931      3  0 128166385305515297 128166385305516297       1000
128166385305515377    6021154      2  0 128166385305515377 128166385305516377       1000
128166385315513743     218018     32  0 128166385315513743 128166385315514743       1000
128166385315514492     410530     16  0 128166385315514492 128166385315515492       1000
128166385315514500    5376474      8  0 128166385315514500 128166385315515500       1000
128166385315515043    7145072      2  0 128166385315515043 128166385315516043       1000
128166385325514552    4060057      8  0 128166385325514552 128166385325515552       1000
128166385325514971    5386292     11  0 128166385325514971 128166385325515971       1000
128166385334109048    4251675      1  0 128166385334109048 128166385334110048       1000
128166385334109373    4870171      2  0 128166385334109373 128166385334110373       1000
128166385334109395    6043153     16  0 128166385334109395 128166385334110395       1000
128166385334109535    6037521     11  0 128166385334109535 128166385334110535       1000
128166385334109614    5829477     32  0 128166385334109614 128166385334110614       1000
128166385334109615    5650885     32  0 128166385334109615 128166385334110615       1000
128166385334109652    5829477     32  0 128166385334109652 128166385334110652       1000
128166385334109731    4260379     15  0 128166385334109731 128166385334110731       1000
128166385334109860    5892589      8  0 128166385334109860 128166385334110860       1000
128166385334109933    4259867      1  0 128166385334109933 128166385334110933       1000
128166385334109945    5023384     16  0 128166385334109945 128166385334110945       1000
128166385334110033    5829477      8  0 128166385334110033 128166385334111033       1000
128166385334110059    5888493      8  0 128166385334110059 128166385334111059       1000
128166385334110010    4257307      5  0 128166385334110010 128166385334148585      38575
128166385334110114    5892589      8  0 128166385334110114 128166385334111114       1000
128166385334110136    4268059      8  0 128166385334110136 128166385334111136       1000
128166385334110137    4268059      8  0 128166385334110137 128166385334111137       1000
128166385334110161    5892589      8  0 128166385334110161 128166385334111161       1000
128166385334110175    4180463      8  0 128166385334110175 128166385334111175       1000
128166385334110196    5888493      8  0 128166385334110196 128166385334111196       1000
128166385334110011    4253211      8  0 128166385334110011 128166385334187160      77149
128166385334110080    7341754      8  0 128166385334110080 128166385334199960      89880
128166385334110312    4251675      1  0 128166385334110312 128166385334111312       1000
128166385334110084    4180463      8  0 128166385334110084 128166385334387160     277076
128166385334110106    4268059      8  0 128166385334110106 128166385334387161     277055
128166385334110271    4252187      2  0 128166385334110271 128166385334387161     276890
128166385334265558    7471132      2  0 128166385334265558 128166385334266558       1000
128166385334265814    5888493      8  0 128166385334265814 128166385334266814       1000
128166385334265485    4332754     32  0 128166385334265485 128166385334464136     198651
128166385334265553    4204982      2  0 128166385334265553 128166385334464136     198583
128166385334265833    4332754     32  0 128166385334265833 128166385334266833       1000
128166385334265617    7448991     32  0 128166385334265617 128166385334702710     437093
128166385334265781    6260334      8  0 128166385334265781 128166385334702711     436930
128166385334265819    5613983     32  0 128166385334265819 128166385334954085     688266
128166385334265835     136834      8  0 128166385334265835 128166385334954085     688250
128166385334265894    6067822     32  0 128166385334265894 128166385334266894       1000
128166385334265963    5428869      1  0 128166385334265963 128166385334266963       1000
128166385334265997    5892589      8  0 128166385334265997 128166385334266997       1000
128166385334266038    6067822      8  0 128166385334266038 128166385334267038       1000
128166385334265846    6067822     32  0 128166385334265846 128166385335064485     798639
128166385334266121    5428869      1  0 128166385334266121 128166385334267121       1000
128166385334265879    3869929      8  0 128166385334265879 128166385335141286     875407
128166385334265884    6248046     32  0 128166385334265884 128166385335205460     939576
128166385334266263    5888493      8  0 128166385334266263 128166385334267263       1000
128166385334266006    6071918      8  0 128166385334266006 128166385335315860    1049854
128166385334266324    5892589      8  0 128166385334266324 128166385334267324       1000
128166385334266105    4871195      8  0 128166385334266105 128166385335379861    1113756
128166385334266230    7349946      8  0 128166385334266230 128166385335392661    1126431
128166385334266390    4332754      8  0 128166385334266390 128166385334267390       1000
128166385334266395    5888493      8  0 128166385334266395 128166385334267395       1000
128166385334266413    5888493      8  0 128166385334266413 128166385334267413       1000
128166385334266415    5892589      8  0 128166385334266415 128166385334267415       1000
128166385334266259    4875291      6  0 128166385334266259 128166385335444036    1177777
128166385334266314    5429893      8  0 128166385334266314 128166385335456835    1190521
128166385334266330    7472156      6  0 128166385334266330 128166385335456835    1190505
128166385334266433    6067822      8  0 128166385334266433 128166385334267433       1000
128166385334266446    6067822      8  0 128166385334266446 128166385334267446       1000
128166385334266534    5429381      1  0 128166385334266534 128166385334267534       1000
128166385334266361    7345850      8  0 128166385334266361 128166385335618436    1352075
128166385334266430    5433989      8  0 128166385334266430 128166385335644036    1377606
128166385334266530    4259867      1  0 128166385334266530 128166385335695411    1428881
128166385351452562    1290294      8  0 128166385351452562 128166385351555312     102750
128166385357546157      79463     16  0 128166385357546157 128166385357597532      51375
128166385357546478     631619     48  0 128166385357546478 128166385357547478       1000
128166385357546312    6571631     16  0 128166385357546312 128166385357661882     115570
128166385357546582    6067854     48  0 128166385357546582 128166385357547582       1000
128166385357546455    6138303      3  0 128166385357546455 128166385357836107     289652
128166385357546640    6138303      3  0 128166385357546640 128166385357547640       1000
128166385357546459     631619     48  0 128166385357546459 128166385357913257     366798
128166385357546461    6215310     32  0 128166385357546461 128166385358139032     592571
128166385357546578    6067854     48  0 128166385357546578 128166385358371832     825254
128166385357546639    6108814     16  0 128166385357546639 128166385358403032     856393
128166385357546732    3396426     16  0 128166385357546732 128166385358584807    1038075
128166385357546958    6215310     32  0 128166385357546958 128166385357547958       1000
128166385357546981    7100843      8  0 128166385357546981 128166385357547981       1000
128166385357546763    6239886     16  0 128166385357546763 128166385358636182    1089419
128166385357546826    3391527     16  0 128166385357546826 128166385358654407    1107581
128166385357547183    6239886     16  0 128166385357547183 128166385357548183       1000
128166385357546848    1275501     16  0 128166385357546848 128166385358836182    1289334
128166385357547265    3396426     16  0 128166385357547265 128166385357548265       1000
128166385357546875    7100843      8  0 128166385357546875 128166385358861957    1315082
128166385357547039     333415     16  0 128166385357547039 128166385358892982    1345943
128166385357547285    3391527     16  0 128166385357547285 128166385357548285       1000
128166385357547287     333415     16  0 128166385357547287 128166385357548287       1000
128166385357547290    6108814     16  0 128166385357547290 128166385357548290       1000
128166385357547309    1275501     16  0 128166385357547309 128166385357548309       1000
128166385357547325    2279845      8  0 128166385357547325 128166385357548325       1000
128166385357547140    7354042      8  0 128166385357547140 128166385359054582    1507442
128166385357547224    6571631     16  0 128166385357547224 128166385359061957    1514733
128166385357547275    2279845      8  0 128166385357547275 128166385359061957    1514682
128166385357547517    5888493      8  0 128166385357547517 128166385357548517       1000
128166385357547519    5892589      8  0 128166385357547519 128166385357548519       1000
128166385357547280      79463     16  0 128166385357547280 128166385359105957    1558677
128166385357547445    5888493      8  0 128166385357547445 128166385359113332    1565887
128166385357547467    5892589      8  0 128166385357547467 128166385359113332    1565865
128166385368421959    3656959      8  1 128166385368421959 128166385368493334      71375
128166385396608927    7471132      2  0 128166385396608927 128166385396647502      38575
128166385396609170    4259867      1  0 128166385396609170 128166385396610170       1000
128166385396609047    4204982      2  0 128166385396609047 128166385396660422      51375
128166385396609186    4332754     32  0 128166385396609186 128166385396610186       1000
128166385396609151    4332754     32  0 128166385396609151 128166385396711797     102646
128166385396609156    4871195      8  0 128166385396609156 128166385396898877     289721
128166385396609170    4660434     32  0 128166385396609170 128166385396963172     354002
128166385396609176    7448991     32  0 128166385396609176 128166385397201627     592451
128166385396609187    4870171      2  0 128166385396609187 128166385397201627     592440
128166385396609200     136834      8  0 128166385396609200 128166385397201627     592427
128166385396609347    5888493      8  0 128166385396609347 128166385396610347       1000
128166385396609393    5892589      8  0 128166385396609393 128166385396610393       1000
128166385396609332    3869929      2  0 128166385396609332 128166385397324947     715615
128166385396609613    4259867      1  0 128166385396609613 128166385396610613       1000
128166385396609216    6924703     32  0 128166385396609216 128166385397363347     754131
128166385396609357    3870953      6  0 128166385396609357 128166385397427402     818045
128166385396609673    5888493      8  0 128166385396609673 128166385396610673       1000
128166385396609714    5892589      8  0 128166385396609714 128166385396610714       1000
128166385396609731    4332754      8  0 128166385396609731 128166385396610731       1000
128166385396609496    4260379     15  0 128166385396609496 128166385397465922     856426
128166385396609521    7358138      8  0 128166385396609521 128166385397465922     856401
128166385396609619    7472156      6  0 128166385396609619 128166385397614602    1004983
128166385396609628    4875291      6  0 128166385396609628 128166385397614602    1004974
128166385401453381    5892589      8  0 128166385401453381 128166385401454381       1000
128166385401451051    7362234     72  0 128166385401451051 128166385401753801     302750
128166385401453484    5880301      8  0 128166385401453484 128166385401792376     338892
128166385405514881    4097681      8  0 128166385405514881 128166385405617631     102750
128166385415514708     230306      8  0 128166385415514708 128166385415566083      51375
128166385425514615    6098210      8  0 128166385425514615 128166385425617365     102750
128166385432702384       1657      3  0 128166385432702384 128166385432703384       1000
128166385432702398       1657      3  0 128166385432702398 128166385432703398       1000
128166385432702037    5480470     16  0 128166385432702037 128166385432753412      51375
128166385432702735    3489831     32  0 128166385432702735 128166385432703735       1000
128166385432702235    3489831     32  0 128166385432702235 128166385432804985     102750
128166385432702750    2827094      8  0 128166385432702750 128166385432703750       1000
128166385432702251    3465255     16  0 128166385432702251 128166385433004985     302734
128166385432702775    5888493      8  0 128166385432702775 128166385432703775       1000
128166385432702562    1025681     16  0 128166385432702562 128166385433043560     340998
128166385432702610    3514407     16  0 128166385432702610 128166385433069137     366527
128166385432702750    2827094      8  0 128166385432702750 128166385433230737     527987
128166385432702771    4388485     16  0 128166385432702771 128166385433269335     566564
128166385432702871    7399098      8  0 128166385432702871 128166385433269335     566464
128166385432702999    2283978     16  0 128166385432702999 128166385432703999       1000
128166385432703038    4388485     16  0 128166385432703038 128166385432704038       1000
128166385432703048    1685106     16  0 128166385432703048 128166385432704048       1000
128166385432702936    6947661     16  0 128166385432702936 128166385433469335     766399
128166385432703058    3465255     16  0 128166385432703058 128166385432704058       1000
128166385432702969    3424295     16  0 128166385432702969 128166385433482112     779143
128166385432703066    3424295     16  0 128166385432703066 128166385432704066       1000
128166385432703067    3514407     16  0 128166385432703067 128166385432704067       1000
128166385432703068    3440679     16  0 128166385432703068 128166385432704068       1000
128166385432703071    1025681     16  0 128166385432703071 128166385432704071       1000
128166385432703074    6947661     16  0 128166385432703074 128166385432704074       1000
128166385432703075    5480470     16  0 128166385432703075 128166385432704075       1000
128166385432703098    7072185     16  0 128166385432703098 128166385432704098       1000
128166385432702983    1685106     16  0 128166385432702983 128166385433520710     817727
128166385432703126    4853775      8  0 128166385432703126 128166385432704126       1000
128166385432703228    5888493      8  0 128166385432703228 128166385432704228       1000
128166385432702986    2283978     16  0 128166385432702986 128166385433571887     868901
128166385432703054    3440679     16  0 128166385432703054 128166385433720687    1017633
128166385432703061    7072185     16  0 128166385432703061 128166385433766485    1063424
128166385432703111    4853775      8  0 128166385432703111 128166385433797662    1094551
128166385432703241    5892589      8  0 128166385432703241 128166385433856435    1153194
128166385435514556    4130411      8  0 128166385435514556 128166385435578906      64350
128166385445514970    5390388      3  0 128166385445514970 128166385445579320      64350
128166385451453057    5892589      8  0 128166385451453057 128166385451454057       1000
128166385451450738    7403194     72  0 128166385451450738 128166385451779263     328525
128166385451453151    5884397      8  0 128166385451453151 128166385451804863     351712
128166385475514124    4268059      8  0 128166385475514124 128166385475565499      51375
128166385475514034    5111095      8  0 128166385475514034 128166385475616784     102750
128166385485514242    1193590      8  0 128166385485514242 128166385485616992     102750
128166385495513988     230306     16  0 128166385495513988 128166385495616738     102750
128166385501452742    5888493      8  0 128166385501452742 128166385501453742       1000
128166385501450376    7440058     72  0 128166385501450376 128166385501804501     354125
128166385501452836    5880301      8  0 128166385501452836 128166385501894626     441790
128166385505514210    5749232      8  0 128166385505514210 128166385505578560      64350
128166385505515240    5440394      8  0 128166385505515240 128166385505617990     102750
128166385505515283     866799      8  0 128166385505515283 128166385505629935     114652
128166385505515284    5131554      8  0 128166385505515284 128166385505829935     314651
128166385505515294    1781847      8  0 128166385505515294 128166385505868510     353216
128166385505670768    3906031      8  0 128166385505670768 128166385505919885     249117
128166385505670874    6121967     16  0 128166385505670874 128166385505933715     262841
128166385505671245    4180463      8  0 128166385505671245 128166385505933715     262470
128166385505671466    1578684      8  0 128166385505671466 128166385506119885     448419
128166385505671466    1100271      8  0 128166385505671466 128166385506119885     448419
128166385505671498    1161711      8  0 128166385505671498 128166385506133715     462217
128166385505671508    3783151      8  0 128166385505671508 128166385506133715     462207
128166385505671514    6274339      8  0 128166385505671514 128166385506197035     525521
128166385505671545    1128943      8  0 128166385505671545 128166385506346690     675145
128166385505671535    1198575      8  0 128166385505671535 128166385506391435     719900
128166385515514025    6248871      8  0 128166385515514025 128166385515578375      64350
128166385525514053    4338500      5  0 128166385525514053 128166385525578403      64350
128166385535513934     402263      8  0 128166385535513934 128166385535578284      64350
128166385545513201    1821123      8  0 128166385545513201 128166385545564576      51375
128166385545514529    1298472      8  0 128166385545514529 128166385545615951     101422
128166385545513829    4886555      8  0 128166385545513829 128166385545616579     102750
128166385545514872    1342709      8  0 128166385545514872 128166385545667954     153082
128166385545514919     162237      8  0 128166385545514919 128166385545667954     153035
128166385551450082    7476922     72  0 128166385551450082 128166385551752832     302750
128166385551452410    5892589      8  0 128166385551452410 128166385551791407     338997
128166385551452510    5884397      8  0 128166385551452510 128166385551791407     338897
128166385585513651    5390388      3  0 128166385585513651 128166385585552226      38575
128166385601450953    4097681      8  0 128166385601450953 128166385601502328      51375
128166385615669663     234402      8  0 128166385615669663 128166385615721038      51375
128166385625669111    7513786     24  0 128166385625669111 128166385625733461      64350
128166385625670671    5888493      8  0 128166385625670671 128166385625746261      75590
128166385625670743    1290294      8  0 128166385625670743 128166385625759061      88318
128166385645669325     234402     16  0 128166385645669325 128166385645720700      51375
128166385651451791    5892589      8  0 128166385651451791 128166385651452791       1000
128166385651449417    7526074     72  0 128166385651449417 128166385651772342     322925
128166385651451877    5880301      8  0 128166385651451877 128166385651772342     320465
128166385675669155    6098210      8  0 128166385675669155 128166385675759105      89950
128166385677960754    5134852      8  1 128166385677960754 128166385678032129      71375
128166385678013428    3096287      8  0 128166385678013428 128166385678083504      70076
128166385678014316    3058911      1  0 128166385678014316 128166385678083504      69188
128166385691450727     363771     48  0 128166385691450727 128166385691451727       1000
128166385691450730    6138303      3  0 128166385691450730 128166385691451730       1000
128166385691450287    1033873     16  0 128166385691450287 128166385691501662      51375
128166385691451060    5892589      8  0 128166385691451060 128166385691452060       1000
128166385691451067    7100843      8  0 128166385691451067 128166385691452067       1000
128166385691450352    6138303      3  0 128166385691450352 128166385691540412      90060
128166385691450698    7100843      8  0 128166385691450698 128166385691540412      89714
128166385691451070     818430     32  0 128166385691451070 128166385691452070       1000
128166385691451073     908542     32  0 128166385691451073 128166385691452073       1000
128166385691450726     363771     48  0 128166385691450726 128166385691766187     315461
128166385691450904     908542     32  0 128166385691450904 128166385691991787     540883
128166385691451067     818430     32  0 128166385691451067 128166385692043162     592095
128166385691451298     631619     16  0 128166385691451298 128166385691452298       1000
128166385691451390    1066641     16  0 128166385691451390 128166385691452390       1000
128166385691451400    1033873     16  0 128166385691451400 128166385691452400       1000
128166385691451073     631619     16  0 128166385691451073 128166385692242987     791914
128166385691451403     883966     16  0 128166385691451403 128166385691452403       1000
128166385691451122    2279845      8  0 128166385691451122 128166385692243162     792040
128166385691451414     396539     16  0 128166385691451414 128166385691452414       1000
128166385691451171    1066641     16  0 128166385691451171 128166385692294362     843191
128166385691451226    5888493      8  0 128166385691451226 128166385692294362     843136
128166385691451422     421115     16  0 128166385691451422 128166385691452422       1000
128166385691451447    2279845      8  0 128166385691451447 128166385691452447       1000
128166385691451579    5892589      8  0 128166385691451579 128166385691452579       1000
128166385691451602    5888493      8  0 128166385691451602 128166385691452602       1000
128166385691451403     883966     16  0 128166385691451403 128166385692294537     843134
128166385691451407     396539     16  0 128166385691451407 128166385692494362    1042955
128166385691451418     421115     16  0 128166385691451418 128166385692571512    1120094
128166385701451438    5888493      8  0 128166385701451438 128166385701452438       1000
128166385701448983      13191     80  0 128166385701448983 128166385701803108     354125
128166385701451550    5884397      8  0 128166385701451550 128166385701893058     441508
128166385719354892     250786     64  1 128166385719354892 128166385719785892     431000
128166385725668254    6532387     40  0 128166385725668254 128166385725796779     128525
128166385725669497     526832      8  0 128166385725669497 128166385725771004     101507
128166385725669505    5324886      8  0 128166385725669505 128166385725971004     301499
128166385725669517     637424     32  0 128166385725669517 128166385726009579     340062
128166385725669529    2343817      8  0 128166385725669529 128166385726048154     378625
128166385725669555    5690249      8  0 128166385725669555 128166385726209579     540024
128166385725669623     252400      8  0 128166385725669623 128166385726209579     539956
128166385725669644    6121967     16  0 128166385725669644 128166385726229754     560110
128166385725669774    5402710      8  0 128166385725669774 128166385726260954     591180
128166385725669795     657904      8  0 128166385725669795 128166385726286729     616934
128166385725669825    4761276      8  0 128166385725669825 128166385726299529     629704
128166385725669828    5923721      8  0 128166385725669828 128166385726488504     818676
128166385725669835    1106006      8  0 128166385725669835 128166385726512329     842494
128166385725669847     559600     16  0 128166385725669847 128166385726526904     857057
128166385725669880    4781756      8  0 128166385725669880 128166385726526904     857024
128166385725669919     236016      8  0 128166385725669919 128166385726578279     908360
128166385725670003    4172271      8  0 128166385725670003 128166385726578279     908276
128166385725670004      18928      8  0 128166385725670004 128166385726673929    1003925
128166385725670037    1198575      8  0 128166385725670037 128166385726673929    1003892
128166385725670068    7445795      8  0 128166385725670068 128166385726763704    1093636
128166385725670070      31216      8  0 128166385725670070 128166385726763704    1093634
128166385725670079     723439      8  0 128166385725670079 128166385726778279    1108200
128166385725670084     678384      8  0 128166385725670084 128166385726829654    1159570
128166385725670093    3906031      8  0 128166385725670093 128166385726925304    1255211
128166385725670104     207344      8  0 128166385725670104 128166385726925304    1255200
128166385725670108    3146633      8  0 128166385725670108 128166385727002279    1332171
128166385725670118    7511331      8  0 128166385725670118 128166385727002279    1332161
128166385725670129    7494947      8  0 128166385725670129 128166385727004054    1333925
128166385725670133     215536      8  0 128166385725670133 128166385727016854    1346721
128166385727959458    7393313     16  1 128166385727959458 128166385728082208     122750
128166385735669122    1992301      8  0 128166385735669122 128166385735720497      51375
128166385745669111    5712320      8  0 128166385745669111 128166385745771861     102750
128166385751448826      54151     72  0 128166385751448826 128166385751790151     341325
128166385751451110    5892589      8  0 128166385751451110 128166385751790151     339041
128166385751451219    5880301      8  0 128166385751451219 128166385751867301     416082
128166385765668790    5390388      6  0 128166385765668790 128166385765758740      89950
128166385785668402    5111095      9  0 128166385785668402 128166385785745727      77325
128166385795666846     238498     72  0 128166385795666846 128166385796021146     354300
128166385801449680    3906031      8  0 128166385801449680 128166385801450680       1000
128166385851448163      91015     72  0 128166385851448163 128166385851750913     302750
128166385851450503    5888493      8  0 128166385851450503 128166385851789488     338985
128166385851450598    5884397      8  0 128166385851450598 128166385851802288     351690
128166385855355896    4259867      1  0 128166385855355896 128166385855356896       1000
128166385855356262    4870171      2  0 128166385855356262 128166385855357262       1000
128166385855356298    4332754     32  0 128166385855356298 128166385855357298       1000
128166385855355922    4332754     32  0 128166385855355922 128166385855407297      51375
128166385855356408    5888493      8  0 128166385855356408 128166385855357408       1000
128166385855356066     136834      2  0 128166385855356066 128166385855458672     102606
128166385855356481    7471132      2  0 128166385855356481 128166385855357481       1000
128166385855356283    5522248     32  0 128166385855356283 128166385855658672     302389
128166385855356297    5695942     32  0 128166385855356297 128166385855755822     399525
128166385855356311    4875291      6  0 128166385855356311 128166385855755822     399511
128166385855356718    4259867      1  0 128166385855356718 128166385855357718       1000
128166385855356474     127879      8  0 128166385855356474 128166385855871647     515173
128166385855356507    4871195      8  0 128166385855356507 128166385855871647     515140
128166385855356771    5892589      8  0 128166385855356771 128166385855357771       1000
128166385855356813    4332754      8  0 128166385855356813 128166385855357813       1000
128166385855356848    5888493      8  0 128166385855356848 128166385855357848       1000
128166385855356582    4260379     15  0 128166385855356582 128166385855910047     553465
128166385855356762     137858      6  0 128166385855356762 128166385855961422     604660
128166385855356770    5892589      8  0 128166385855356770 128166385855961422     604652
128166385865668064    5390388      8  0 128166385865668064 128166385865719439      51375
128166385885667800     271266      8  0 128166385885667800 128166385885719175      51375
128166385893323997    2525594      3  0 128166385893323997 128166385893324997       1000
128166385901449108    1193590      8  0 128166385901449108 128166385901551858     102750
128166385951606108    5892589      8  0 128166385951606108 128166385951607108       1000
128166385951447390     131975     80  0 128166385951447390 128166385951801515     354125
128166385951606204    5880301      8  0 128166385951606204 128166385951801515     195311
128166385965667101     271266     16  0 128166385965667101 128166385965769851     102750
128166385991761215       1657      3  0 128166385991761215 128166385991762215       1000
128166385991761292       1657      3  0 128166385991761292 128166385991762292       1000
128166385991760837    6571631     16  0 128166385991760837 128166385991812212      51375
128166385991761081    4916068     32  0 128166385991761081 128166385991889362     128281
128166385991761640    2827094      8  0 128166385991761640 128166385991762640       1000
128166385991761649     933118     32  0 128166385991761649 128166385991762649       1000
128166385991761653    4916068     32  0 128166385991761653 128166385991762653       1000
128166385991761656    3599597     32  0 128166385991761656 128166385991762656       1000
128166385991761287    1072382     16  0 128166385991761287 128166385992063587     302300
128166385991761344    3599597     32  0 128166385991761344 128166385992276806     515462
128166385991761868    4388485     16  0 128166385991761868 128166385991762868       1000
128166385991761533     933118     32  0 128166385991761533 128166385992353781     592248
128166385991761623    2827094      8  0 128166385991761623 128166385992392112     630489
128166385991761687    4388485     16  0 128166385991761687 128166385992553781     792094
128166385991761856     965886     16  0 128166385991761856 128166385992605156     843300
128166385991761966    1015038     16  0 128166385991761966 128166385991762966       1000
128166385991761983    3566829     16  0 128166385991761983 128166385991762983       1000
128166385991761984    3396426     16  0 128166385991761984 128166385991762984       1000
128166385991761989     965886     16  0 128166385991761989 128166385991762989       1000
128166385991762000    1072382     16  0 128166385991762000 128166385991763000       1000
128166385991762001    6571631     16  0 128166385991762001 128166385991763001       1000
128166385991761874    3396426     16  0 128166385991761874 128166385992643487     881613
128166385991762025    4853775      8  0 128166385991762025 128166385991763025       1000
128166385991761887    3566829     16  0 128166385991761887 128166385992805156    1043269
128166385991761898    5888493      8  0 128166385991761898 128166385992805156    1043258
128166385991762171    5892589      8  0 128166385991762171 128166385991763171       1000
128166385991762179    5888493      8  0 128166385991762179 128166385991763179       1000
128166385991761926    1015038     16  0 128166385991761926 128166385992856531    1094605
128166385991762014    4853775      8  0 128166385991762014 128166385992856531    1094517
128166385991762048    5892589      8  0 128166385991762048 128166385992920637    1158589
128166385996604965    4259867      1  0 128166385996604965 128166385996605965       1000
128166385996605025    7471132      2  0 128166385996605025 128166385996606025       1000
128166385996605342    4332754     32  0 128166385996605342 128166385996606342       1000
128166385996605345    4870171      2  0 128166385996605345 128166385996606345       1000
128166385996605286    4204982      2  0 128166385996605286 128166385996656661      51375
128166385996605308     136834      8  0 128166385996605308 128166385996682458      77150
128166385996605313    4332754     32  0 128166385996605313 128166385996933833     328520
128166385996605330    6924703     32  0 128166385996605330 128166385997036583     431253
128166385996605359    4660434     32  0 128166385996605359 128166385997223761     618402
128166385996605613    5892589      8  0 128166385996605613 128166385996606613       1000
128166385996605620    5888493      8  0 128166385996605620 128166385996606620       1000
128166385996605369    7448991     32  0 128166385996605369 128166385997410786     805417
128166385996605574    4871195      8  0 128166385996605574 128166385997449536     843962
128166385996605686    5888493      8  0 128166385996605686 128166385996606686       1000
128166385996605726    4259867      1  0 128166385996605726 128166385996606726       1000
128166385996605587    3869929      2  0 128166385996605587 128166385997462336     856749
128166385996605611    3870953      6  0 128166385996605611 128166385997475136     869525
128166385996605902    5892589      8  0 128166385996605902 128166385996606902       1000
128166385996605906    4332754      8  0 128166385996605906 128166385996606906       1000
128166385996605635     172935      8  0 128166385996605635 128166385997475158     869523
128166385996605666    4260379     15  0 128166385996605666 128166385997526533     920867
128166385996605766    4875291      6  0 128166385996605766 128166385997662161    1056395
128166385996605872    7472156      6  0 128166385996605872 128166385997713536    1107664
128166386001604699    1198575      8  0 128166386001604699 128166386001656074      51375
128166386005667328    5390388      9  0 128166386005667328 128166386005718703      51375
128166386015668198    5888493      8  0 128166386015668198 128166386015669198       1000
128166386015666985    6274339      8  0 128166386015666985 128166386015718360      51375
128166386015668277    1198575      8  0 128166386015668277 128166386015669277       1000
128166386015668086    6121967     16  0 128166386015668086 128166386015769735     101649
128166386015668207    1578684      8  0 128166386015668207 128166386015931510     263303
128166386015668258    4180463      8  0 128166386015668258 128166386015957110     288852
128166386015668274    3906031      8  0 128166386015668274 128166386016008485     340211
128166386015668305     866799      8  0 128166386015668305 128166386016008485     340180
128166386025666630    4268059      8  0 128166386025666630 128166386025756580      89950
128166386025666294    1290294      8  0 128166386025666294 128166386025769044     102750
128166386025666764    6098210      8  0 128166386025666764 128166386025859330     192566
128166386051605340    5892589      8  0 128166386051605340 128166386051606340       1000
128166386051603305     177031     72  0 128166386051603305 128166386051932005     328700
128166386051605567    5884397      8  0 128166386051605567 128166386051944805     339238
128166386083635013    5115191      3  0 128166386083635013 128166386083699363      64350
128166386083635321     275362      8  0 128166386083635321 128166386083758113     122792
128166386133636061    5888493      8  0 128166386133636061 128166386133637061       1000
128166386133633739     213895     72  0 128166386133633739 128166386134000839     367100
128166386133636305    5880301      8  0 128166386133636305 128166386134239239     602934
128166386143635109    5394484      2  0 128166386143635109 128166386143636109       1000
128166386183634782    1578684      8  0 128166386183634782 128166386183635782       1000
128166386233635341    5892589      8  0 128166386233635341 128166386233636341       1000
128166386233635660    5884397      8  0 128166386233635660 128166386233636660       1000
128166386233633141     250759     72  0 128166386233633141 128166386233968866     335725
128166386243633614     421974      8  0 128166386243633614 128166386243736364     102750
128166386243634272    6098210      8  0 128166386243634272 128166386243737022     102750
128166386243635501    6274339      8  0 128166386243635501 128166386243787739     152238
128166386243635544    1206767      8  0 128166386243635544 128166386243787739     152195
128166386243635585    1198575      8  0 128166386243635585 128166386243839772     204187
128166386253634299     275362      8  0 128166386253634299 128166386253635299       1000
128166386269204207    6379181      8  1 128166386269204207 128166386269275582      71375
128166386283634346    5394484      2  0 128166386283634346 128166386283635346       1000
128166386283634542    5888493      8  0 128166386283634542 128166386283635542       1000
128166386283635229    5880301      8  0 128166386283635229 128166386283636229       1000
128166386283633642     287623     72  0 128166386283633642 128166386284039142     405500
128166386292071501    6138303      3  0 128166386292071501 128166386292072501       1000
128166386292071861    6138303      3  0 128166386292071861 128166386292072861       1000
128166386292071206    1722004     32  0 128166386292071206 128166386292135556      64350
128166386292072213    1722004     32  0 128166386292072213 128166386292073213       1000
128166386292071464    1033873     16  0 128166386292071464 128166386292173956     102492
128166386292071834    7100843      8  0 128166386292071834 128166386292173956     102122
128166386292072232    7100843      8  0 128166386292072232 128166386292073232       1000
128166386292072239    3706093     32  0 128166386292072239 128166386292073239       1000
128166386292072007    1795732     16  0 128166386292072007 128166386292373956     301949
128166386292072212     631619     16  0 128166386292072212 128166386292394306     322094
128166386292072230    3706093     32  0 128166386292072230 128166386292645681     573451
128166386292072261    2279845      8  0 128166386292072261 128166386292658306     586045
128166386292072282     324487      8  0 128166386292072282 128166386292676706     604424
128166386292072480    5892589      8  0 128166386292072480 128166386292073480       1000
128166386292072347    1861268     16  0 128166386292072347 128166386292709856     637509
128166386292072514     631619     16  0 128166386292072514 128166386292073514       1000
128166386292072541    1033873     16  0 128166386292072541 128166386292073541       1000
128166386292072435    1066641     16  0 128166386292072435 128166386292871456     799021
128166386292072437    5892589      8  0 128166386292072437 128166386292871456     799019
128166386292072549    1066641     16  0 128166386292072549 128166386292073549       1000
128166386292072562    3632365     16  0 128166386292072562 128166386292073562       1000
128166386292072570    1795732     16  0 128166386292072570 128166386292073570       1000
128166386292072572    3681517     16  0 128166386292072572 128166386292073572       1000
128166386292072573    5488687     16  0 128166386292072573 128166386292073573       1000
128166386292072576    1812116     16  0 128166386292072576 128166386292073576       1000
128166386292072579    1861268     16  0 128166386292072579 128166386292073579       1000
128166386292072608    2279845      8  0 128166386292072608 128166386292073608       1000
128166386292072474    3632365     16  0 128166386292072474 128166386292928081     855607
128166386292228523    5888493      8  0 128166386292228523 128166386292229523       1000
128166386292072485    1812116     16  0 128166386292072485 128166386292948431     875946
128166386292072547    3681517     16  0 128166386292072547 128166386293084256    1011709
128166386292072567    5488687     16  0 128166386292072567 128166386293122831    1050264
128166386292072747    5888493      8  0 128166386292072747 128166386293179456    1106709
128166386303633978    1290294      8  0 128166386303633978 128166386303685353      51375
128166386333634927    5892589      8  0 128166386333634927 128166386333635927       1000
128166386333632639     328583     64  0 128166386333632639 128166386333935389     302750
128166386333635006    5884397      8  0 128166386333635006 128166386333935389     300383
128166386343634044    3446391      8  0 128166386343634044 128166386343685419      51375
128166386383634618    5888493      8  0 128166386383634618 128166386383635618       1000
128166386383633018     361351     72  0 128166386383633018 128166386383935943     302925
128166386383633563    5115191      4  0 128166386383633563 128166386383987143     353580
128166386383634709    5880301      8  0 128166386383634709 128166386383987143     352434
128166386423633184    5394484      6  0 128166386423633184 128166386423684559      51375
128166386433633167     398215      8  0 128166386433633167 128166386433684542      51375
128166386433634307    1198575      8  0 128166386433634307 128166386433737057     102750
128166386443633094    3906031      8  0 128166386443633094 128166386443723044      89950
128166386443634048    6121967     16  0 128166386443634048 128166386443736798     102750
128166386443634279    1578684      8  0 128166386443634279 128166386443788173     153894
128166386443634287    6274339      8  0 128166386443634287 128166386443774419     140132
128166386483633984    5892589      8  0 128166386483633984 128166386483634984       1000
128166386483634081    5884397      8  0 128166386483634081 128166386483635081       1000
128166386483632953    2546931      5  0 128166386483632953 128166386483935045     302092
128166386483632120     402311     72  0 128166386483632120 128166386483947845     315725
128166386493632779    7145072      5  0 128166386493632779 128166386493697129      64350
128166386503632785    2546931      5  0 128166386503632785 128166386503633785       1000
128166386505508174    4259867      1  0 128166386505508174 128166386505509174       1000
128166386505507974    7471132      2  0 128166386505507974 128166386505546549      38575
128166386505508277     137858      6  0 128166386505508277 128166386505610995     102718
128166386505508365    4332754     32  0 128166386505508365 128166386505509365       1000
128166386505508245    4332754     32  0 128166386505508245 128166386505649299     141054
128166386505508317    5695942     32  0 128166386505508317 128166386505843970     335653
128166386505508332    4870171      2  0 128166386505508332 128166386505882545     374213
128166386505508553     136834      2  0 128166386505508553 128166386506082545     573992
128166386505508357    5522248     32  0 128166386505508357 128166386506095345     586988
128166386505508738    4259867      1  0 128166386505508738 128166386505509738       1000
128166386505508813    5892589      8  0 128166386505508813 128166386505509813       1000
128166386505508839    5892589      8  0 128166386505508839 128166386505509839       1000
128166386505508555    4871195      8  0 128166386505508555 128166386506133920     625365
128166386505508867    5888493      8  0 128166386505508867 128166386505509867       1000
128166386505508911    4332754      8  0 128166386505508911 128166386505509911       1000
128166386505508574     439175      8  0 128166386505508574 128166386506146720     638146
128166386505508640    5888493      8  0 128166386505508640 128166386506152049     643409
128166386505508660    4260379     15  0 128166386505508660 128166386506262274     753614
128166386505508841    4875291      6  0 128166386505508841 128166386506346720     837879
128166386533632472    6098210      8  0 128166386533632472 128166386533683847      51375
128166386555128520    5109359      3  1 128166386555128520 128166386555174295      45775
128166386555196007    5888493      8  0 128166386555196007 128166386555197007       1000
128166386555194255     443271     56  0 128166386555194255 128166386555297005     102750
128166386555300619    6662642      8  1 128166386555445630 128166386555597011     296392
128166386555454261    5856476     64  1 128166386555454261 128166386556008011     553750
128166386555463626    6610140     64  1 128166386555845430 128166386556419011     955385
128166386555599045    6662642     41  1 128166386556256430 128166386556680405    1081360
128166386555662124    6666738     16  1 128166386556470386 128166386556757555    1095431
128166386555662359    6674930      8  1 128166386556629030 128166386556855961    1193602
128166386555662647    6679026      8  1 128166386556624686 128166386556933111    1270464
128166386555785111    6027762     32  1 128166386556701836 128166386557138611    1353500
128166386555793261    6405340     64  1 128166386556907336 128166386557536811    1743550
128166386555799744    4394277     64  1 128166386557292736 128166386557916436    2116692
128166386555817520    6003186     32  1 128166386557755286 128166386558170805    2353285
128166386555916427     796475     64  1 128166386557965130 128166386558591511    2675084
128166386555942369    4439333     64  1 128166386558324930 128166386558976911    3034542
128166386555964585    5597682     64  1 128166386558745636 128166386559362311    3397726
128166386555968777    4504869     64  1 128166386559205505 128166386559822180    3853403
128166386555969448    4472101     64  1 128166386559603705 128166386560235861    4266413
128166386555972207    4398373     64  1 128166386559983330 128166386560628286    4656079
128166386555972530    5970418     64  1 128166386560397011 128166386561018030    5045500
128166386555974015    6044146     32  1 128166386560859561 128166386561275080    5301065
128166386555974047    6105586     32  1 128166386561065061 128166386561476236    5502189
128166386556213188    5732850     64  1 128166386561249305 128166386561861636    5648448
128166386556275222    5650930     64  1 128166386561630361 128166386562251380    5976158
128166386556278654    5687794     64  1 128166386562092911 128166386562713930    6435276
128166386556285282    5827058     64  1 128166386562482655 128166386563120586    6835304
128166386556285303    5937650     64  1 128166386562868055 128166386563505986    7220683
128166386556285308    5540338     64  1 128166386563274711 128166386563895730    7610422
128166386556285401    5900786     64  1 128166386563737261 128166386564358280    8072879
128166386556285402    5859826     64  1 128166386564127005 128166386564764936    8479534
128166386556285485    5790194     64  1 128166386564512405 128166386565150336    8864851
128166386556286572    6068722     32  1 128166386564919061 128166386565334580    9048008
128166386556286647    6089202     32  1 128166386565176111 128166386565566030    9279383
128166386556287370    6060530     16  1 128166386565381611 128166386565690036    9402666
128166386556287773    5683698      8  1 128166386565463105 128166386565745930    9458157
128166386556398812    1255103     64  1 128166386565540255 128166386566159611    9760799
128166386556401460    6420978     57  1 128166386565900055 128166386566529530   10128070
128166386556441568    6547954     64  1 128166386566285455 128166386566930411   10488843
128166386556441673    1259199     48  1 128166386566683655 128166386567213061   10771388
128166386556442888    6605298     32  1 128166386566981786 128166386567410105   10967217
128166386556443050    1291967     24  1 128166386567238836 128166386567572861   11129811
128166386556443067    6425074     24  1 128166386567341586 128166386567732755   11289688
128166386556443324    1283775     16  1 128166386567520055 128166386567829911   11386587
128166386556443746    6437362      8  1 128166386567624236 128166386567912655   11468909
128166386556443967    6441458      8  1 128166386567681380 128166386567989805   11545838
128166386556581599     175398      4  1 128166386568035586 128166386568118330   11536731
128166386556532737    5573106     48  1 128166386567758530 128166386568272455   11739718
128166386556597888    1337023     64  1 128166386568112736 128166386568742030   12144142
128166386556597959    6572530     64  1 128166386568497955 128166386569121655   12523696
128166386556598327    1341119     56  1 128166386568883536 128166386569519855   12921528
128166386556598957    6552050     40  1 128166386569268936 128166386569725355   13126398
128166386556599219    6625778     32  1 128166386569525986 128166386569951030   13351811
128166386556599787    1369791     16  1 128166386569731486 128166386570040980   13441193
128166386556599883    1377983     16  1 128166386569834236 128166386570130930   13531047
128166386556600072    6621682      8  1 128166386569936986 128166386570233680   13633608
128166386556724992    7225433    128  1 128166386569982761 128166386571024305   14299313
128166386556736387    7360601    128  1 128166386570766361 128166386571846305   15109918
128166386556737358       7462    128  1 128166386571639911 128166386572719855   15982497
128166386556740111    7426137    128  1 128166386572468936 128166386573529055   16788944
128166386556742900    7491673    128  1 128166386573278136 128166386574319680   17576780
128166386556743673    7295065    128  1 128166386574068761 128166386575110305   18366632
128166386556756182    7290969      8  1 128166386574987555 128166386575200255   18444073
128166386556896094      72998    128  1 128166386574942311 128166386576022255   19126161
128166386556910718     138534     72  1 128166386575822886 128166386576484805   19574087
128166386557024029    1785126      6  1 128166386576330680 128166386576516711   19492682
128166386556912070    5135654      5  1 128166386576233886 128166386576574755   19662685
128166386557062296    5037350    128  1 128166386576311036 128166386577396755   20334459
128166386557066001    5102886     64  1 128166386577158986 128166386577859305   20793304
128166386557182102     357260     80  1 128166386577569986 128166386578347455   21165353
128166386557195669     398220      1  1 128166386578347455 128166386578411805   21216136
128166386557309816     961830      3  1 128166386578470205 128166386578597661   21287845
128166386557315918    5859825      1  1 128166386578597661 128166386578662011   21346093
128166386557222749    1756454     56  1 128166386578083736 128166386578760055   21537306
128166386557358984    3067174      7  1 128166386578494736 128166386578862805   21503821
128166386557380471    5847537     24  1 128166386578534555 128166386579004305   21623834
128166386557487834    5841804      8  1 128166386578920486 128166386579062705   21574871
128166386557380533    5720562     24  1 128166386578720411 128166386579114080   21733547
128166386557381294    3063078      8  1 128166386578914180 128166386579191230   21809936
128166386557381468     957734      8  1 128166386578868936 128166386579293980   21912512
128166386557535620    5765618     48  1 128166386579023236 128166386579653780   22118160
128166386557536301    5630450     40  1 128166386579305886 128166386579859280   22322979
128166386557537549    5822962      8  1 128166386579768436 128166386579942561   22405012
128166386557537675    5911436      8  1 128166386579896961 128166386580000605   22462930
128166386557536860    4431141     16  1 128166386579562936 128166386580013405   22476545
128166386557537201    5915532     16  1 128166386579665686 128166386580084780   22547579
128166386557671557    6308748      8  1 128166386580013580 128166386580167886   22496329
128166386557537630    5845900      8  1 128166386579942561 128166386580187530   22649900
128166386557632289    5727116      8  1 128166386580045136 128166386580290280   22657991
128166386557693586    5776268     16  1 128166386580116511 128166386580393030   22699444
128166386557693838    5940108      8  1 128166386580341655 128166386580476136   22782298
128166386557693632    5788556     16  1 128166386580219261 128166386580495780   22802148
128166386557693930    5772172      8  1 128166386580444405 128166386580578886   22884956
128166386557693720    5952396      8  1 128166386580322011 128166386580598530   22904810
128166386557693970    5796748      8  1 128166386580547155 128166386580681636   22987666
128166386557693867    5804940      8  1 128166386580424761 128166386580701280   23007413
128166386557694087    5800844      8  1 128166386580649905 128166386580784386   23090299
128166386557693948    5890956      8  1 128166386580527511 128166386580804030   23110082
128166386557695766    6222732      8  1 128166386580752655 128166386580887136   23191370
128166386557694002    5784460      8  1 128166386580630261 128166386580906780   23212778
128166386557802777    5907340      8  1 128166386580855405 128166386580989886   23187109
128166386557695375    6218636      8  1 128166386580733011 128166386581009530   23314155
128166386557837387    5743500      8  1 128166386580958155 128166386581092636   23255249
128166386557767845    5833612      8  1 128166386580835761 128166386581112280   23344435
128166386557831297    5854092      8  1 128166386580938511 128166386581215030   23383733
128166386557840840    5923724     32  1 128166386581041261 128166386581420530   23579690
128166386557850041    5956492      8  1 128166386581471905 128166386581606386   23756345
128166386557844477    5960588     24  1 128166386581246761 128166386581626030   23781553
128166386557850329    5858188      8  1 128166386581574655 128166386581709136   23858807
128166386557845153    5944204     16  1 128166386581369155 128166386581728780   23883627
128166386557851511    5886860      8  1 128166386581677405 128166386581811886   23960375
128166386557850323    5866380      8  1 128166386581555011 128166386581831530   23981207
128166386557979155    6816652      8  1 128166386581780155 128166386581914636   23935481
128166386557850329    5862284      8  1 128166386581657761 128166386581934280   24083951
128166386558006352    6779788      8  1 128166386581882905 128166386582017386   24011034
128166386557910376    6878092      8  1 128166386581760511 128166386582037030   24126654
128166386558006505    6882188      8  1 128166386581985655 128166386582120136   24113631
128166386558006290    6873996      8  1 128166386581863261 128166386582139780   24133490
128166386558008547    5878668      8  1 128166386582088405 128166386582222886   24214339
128166386558006372    6820748      8  1 128166386581966011 128166386582242530   24236158
128166386558098139    5747596      8  1 128166386582191155 128166386582325636   24227497
128166386558008252    5874572      8  1 128166386582068761 128166386582345280   24337028
128166386558008547    5870476      8  1 128166386582171511 128166386582448030   24439483
128166386558158305    5809036      8  1 128166386582274261 128166386582550780   24392475
128166386558162527    6857612      8  1 128166386582499405 128166386582633886   24471359
128166386558161984    5759884     24  1 128166386582293905 128166386582653530   24491546
128166386558162665    6722444      8  1 128166386582602155 128166386582736636   24573971
128166386558162483    6681484      8  1 128166386582479761 128166386582756280   24593797
128166386558162727    6673292      8  1 128166386582704905 128166386582839386   24676659
128166386558162656    6976396      8  1 128166386582582511 128166386582859030   24696374
128166386558162800    6677388      8  1 128166386582807655 128166386582942136   24779336
128166386558162690    5755788      8  1 128166386582685261 128166386582961780   24799090
128166386558164479    5813132      8  1 128166386582910405 128166386583044886   24880407
128166386558162762    6718348      8  1 128166386582788011 128166386583064530   24901768
128166386558164793    5837708      8  1 128166386583013155 128166386583147636   24982843
128166386558162818    6972300      8  1 128166386582890761 128166386583167280   25004462
128166386558164797    5903244      8  1 128166386583115905 128166386583250386   25085589
128166386558164777    5899148      8  1 128166386582993511 128166386583270030   25105253
128166386558164795    5825420      8  1 128166386583096261 128166386583347180   25182385
128166386558164810    5829516      8  1 128166386583199011 128166386583424330   25259520
128166386558306948    5532146     16  1 128166386583218655 128166386583527080   25220132
128166386558313095    5731212     24  1 128166386583353136 128166386583732580   25419485
128166386558316881    4537637     40  1 128166386583475705 128166386583938080   25621199
128166386558317934    5710732     32  1 128166386583783955 128166386584143580   25825646
128166386558318765    5694348      8  1 128166386584194955 128166386584336461   26017696
128166386558317970    5677964     32  1 128166386583976836 128166386584349080   26031110
128166386558318799    5673868      8  1 128166386584297705 128166386584439211   26120412
128166386558318648    6808460      8  1 128166386584182336 128166386584451830   26133182
128166386558320608    6263692      8  1 128166386584400455 128166386584541961   26221353
128166386558318777    6771596      8  1 128166386584285086 128166386584554580   26235803
128166386558320709    6226828      8  1 128166386584503205 128166386584644711   26324002
128166386558318884    5669772      8  1 128166386584387836 128166386584657330   26338446
128166386558320932    6239116      8  1 128166386584605955 128166386584747461   26426529
128166386558320680    5751692      8  1 128166386584490586 128166386584760080   26439400
128166386558320720    6296460      8  1 128166386584593336 128166386584850030   26529310
128166386558447927    5510028      8  1 128166386584798655 128166386584901586   26453659
128166386558321012    5882764      8  1 128166386584696086 128166386584952780   26631768
128166386558473992    5559180      8  1 128166386584901405 128166386585004336   26530344
128166386558425769    6041689      8  1 128166386584708705 128166386585017130   26591361
128166386558475127    5698444      8  1 128166386585004155 128166386585107086   26631959
128166386558456362    5542796      8  1 128166386584850211 128166386585126905   26670543
128166386558475180    5706636      8  1 128166386585075530 128166386585209836   26734656
128166386558475106    5546892      8  1 128166386584952961 128166386585229655   26754549
128166386558571048    6582361      8  1 128166386585178280 128166386585312761   26741713
128166386558475128    5514124      8  1 128166386585055711 128166386585332405   26857277
128166386558475299    5555084      8  1 128166386585158461 128166386585403780   26928481
128166386558589140    4845657      8  1 128166386585281030 128166386585493730   26904590
128166386558631095    4837465     16  1 128166386585312761 128166386585583680   26952585
128166386558631360    4849753      8  1 128166386585532305 128166386585635411   27004051
128166386558631297    6910860      8  1 128166386585461111 128166386585686430   27055133
128166386558631358    4866137      8  1 128166386585455155 128166386585719405   27088047
128166386558633237    6304652      8  1 128166386585699405 128166386585803761   27170524
128166386558631372    4833369      8  1 128166386585622436 128166386585809355   27177983
128166386558631450    4862041      8  1 128166386585635411 128166386585880730   27249280
128166386558742091    5996633      8  1 128166386585745361 128166386585970680   27228589
128166386558787369    5518220      8  1 128166386585932105 128166386586067836   27280467
128166386558782401    4857945      8  1 128166386585803761 128166386586073430   27291029
128166386558787245    6865804     16  1 128166386585822330 128166386586163380   27376135
128166386558896636    5992537      8  1 128166386586112005 128166386586222136   27325500
128166386558787417    6861708      8  1 128166386586016461 128166386586266130   27478713
128166386558787561    4853849      8  1 128166386586022055 128166386586299105   27511544
128166386558943625    5935193      8  1 128166386586209161 128166386586389055   27445430
128166386558943683    6103948      8  1 128166386586279105 128166386586390486   27446803
128166386558943661    5939289      8  1 128166386586222136 128166386586460430   27516769
128166386558943907    6087564      8  1 128166386586402030 128166386586544611   27600704
128166386558943820    5922905      8  1 128166386586332086 128166386586550380   27606560
128166386558943824    6083468      8  1 128166386586390486 128166386586640330   27696506
128166386558945713    6312844      8  1 128166386586588955 128166386586705936   27760223
128166386558943961    5931097      8  1 128166386586493236 128166386586743080   27799119
128166386558944074    5927001      8  1 128166386586511805 128166386586807430   27863356
128166386559036006    6877273      8  1 128166386586691705 128166386586808861   27772855
128166386558946042    6316940      8  1 128166386586654561 128166386586878805   27932763
128166386559047780    6033497      8  1 128166386586794455 128166386586968755   27920975
128166386559094101    6812556      8  1 128166386586808861 128166386587071505   27977404
128166386559100036    6067084      8  1 128166386586930180 128166386587072761   27972725
128166386559099850    6071180     16  1 128166386586827430 128166386587174255   28074405
128166386559100094    6914956      8  1 128166386587020130 128166386587175511   28075417
128166386559100038    6804364      8  1 128166386587021386 128166386587277005   28176967
128166386559100133    6902668      8  1 128166386587122880 128166386587278261   28178128
128166386559100125    5534604      8  1 128166386587124136 128166386587379755   28279630
128166386559100188    6881369      8  1 128166386587225630 128166386587381186   28280998
128166386559100153    6800268      8  1 128166386587226886 128166386587482505   28382352
128166386559100281    6796172      8  1 128166386587328380 128166386587490961   28390680
128166386559100278    6689676      8  1 128166386587368211 128166386587585255   28484977
128166386559100342    5538700      8  1 128166386587431130 128166386587593711   28493369
128166386559100330    6685580      8  1 128166386587439586 128166386587688005   28587675
128166386559100442    6824844     64  1 128166386587533880 128166386588067630   28967188
128166386559193716    6037593      8  1 128166386587944880 128166386588157580   28963864
128166386559256333    6693772      8  1 128166386588009230 128166386588166036   28909703
128166386559256227    6144089      8  1 128166386588004711 128166386588247530   28991303
128166386559324493    4660518      8  1 128166386588196155 128166386588320336   28995843
128166386559256352    6099852      8  1 128166386588107636 128166386588350280   29093928
128166386559256390    6193241      8  1 128166386588119005 128166386588414630   29158240
128166386559398353    4635942      8  1 128166386589063930 128166386589193886   29795533
128166386559372892    4697382    128  1 128166386588294561 128166386589269605   29896713
128166386559408935    4648230      8  1 128166386589166680 128166386589321155   29912220
128166386559413396    4656422      8  1 128166386589295380 128166386589399736   29986340
128166386559412233    4644134      8  1 128166386589193886 128166386589423905   30011672
128166386559412501    4640038      8  1 128166386589243830 128166386589475455   30062954
128166386559413449    4652326      8  1 128166386589372530 128166386589527005   30113556
128166386559414515    4672806      8  1 128166386589501230 128166386589605586   30191071
128166386559414285    4676902      8  1 128166386589399736 128166386589629755   30215470
128166386559414422    4664614      8  1 128166386589449680 128166386589681305   30266883
128166386559414781    4668710      8  1 128166386589578380 128166386589732855   30318074
128166386559568635    1748262      8  1 128166386589707080 128166386589811436   30242801
128166386559511126    1678630      8  1 128166386589605586 128166386589835605   30324479
128166386559550046    1391910      8  1 128166386589655530 128166386589887155   30337109
128166386559608494    1244454      8  1 128166386589784230 128166386589938705   30330211
128166386559669484    3738098      8  1 128166386589811436 128166386590041455   30371971
128166386559701898    3799538     64  1 128166386589861380 128166386590426855   30724957
128166386559717221    3758578     64  1 128166386590272730 128166386590812255   31095034
128166386559724825    1396006      8  1 128166386590683730 128166386590863805   31138980
128166386559821493    2619890      8  1 128166386590838030 128166386590942386   31120893
128166386559725120    3742194      8  1 128166386590736536 128166386590966555   31241435
128166386559810620    1281318      8  1 128166386590760880 128166386591018105   31207485
128166386559876225    3725810      8  1 128166386590915180 128166386591069655   31193430
128166386559881275    3848690      8  1 128166386591043880 128166386591148236   31266961
128166386559881184    2623986      8  1 128166386590942386 128166386591172405   31291221
128166386559881217    1740070      8  1 128166386590992330 128166386591223955   31342738
128166386559881447    1383718      8  1 128166386591121030 128166386591275505   31394058
128166386559972758    4114930      8  1 128166386591148236 128166386591352655   31379897
128166386560036944    5892594     16  1 128166386591198180 128166386591519755   31482811
128166386560037732    4119026      8  1 128166386591225386 128166386591622505   31584773
128166386560131149    6019570     16  1 128166386591249730 128166386591725255   31594106
128166386560188539    5902425      8  1 128166386592251980 128166386592447361   32258822
128166386560179074    6049881    128  1 128166386591378430 128166386592484505   32305431
128166386560180089    6017113      8  1 128166386592187630 128166386592543080   32362991
128166386560187093    7013260      8  1 128166386592227636 128166386592620230   32433137
128166386560193653    5918809      8  1 128166386592568855 128166386592680236   32486583
128166386560191425    6025305      8  1 128166386592361755 128166386592710005   32518580
128166386560192906    6029401      8  1 128166386592447536 128166386592781380   32588474
128166386560194026    7000972      8  1 128166386592680236 128166386592832755   32638729
128166386560193420    5933554      8  1 128166386592484680 128166386592858530   32665110
128166386560195572    5849996      8  1 128166386592790011 128166386592909905   32714333
128166386560193670    7017356      8  1 128166386592667261 128166386592961280   32767610
128166386560194068    7005068      8  1 128166386592738636 128166386593032655   32838587
128166386560294059    2225036      8  1 128166386592944136 128166386593084030   32789971
128166386560195700    5906521      8  1 128166386592841386 128166386593122605   32926905
128166386560344725    6021209      8  1 128166386593046886 128166386593173980   32829255
128166386560195997    5895052      8  1 128166386592892761 128166386593225355   33029358
128166386560351962    5530508      8  1 128166386593149811 128166386593276730   32924768
128166386560344611    5526412      8  1 128166386592995511 128166386593328105   32983494
128166386560350117    7009164      8  1 128166386593136836 128166386593399480   33049363
128166386560352019    5522316      8  1 128166386593208211 128166386593502230   33150211
128166386560451268    2193087      8  1 128166386593259586 128166386593566580   33115312
128166386560622656    2993446      8  1 128166386593510511 128166386593617955   32995299
128166386560468964    1198578      8  1 128166386593341080 128166386593643555   33174591
128166386560506239    6996876      8  1 128166386593362336 128166386593714930   33208691
128166386560594737     838950      8  1 128166386593407936 128166386593766480   33171743
128166386560812929    6079372      8  1 128166386593653436 128166386593817855   33004926
128166386560663941    5563276      8  1 128166386593581886 128166386593869230   33205289
128166386560788495    3852786      8  1 128166386593643730 128166386593933580   33145085
128166386560963506    3856882      8  1 128166386593827561 128166386593984955   33021449
128166386560818100    5988441      8  1 128166386593724636 128166386594036330   33218230
128166386560950781    6217817      8  1 128166386593814586 128166386594100680   33149899
128166386560969562    6710156      8  1 128166386594708136 128166386594852730   33883168
128166386560969447    3897842    128  1 128166386593911736 128166386594981255   34011808
128166386560970079    1285414    128  1 128166386594759511 128166386595777655   34807576
128166386560972948    1228070      8  1 128166386595607286 128166386595829205   34856257
128166386560975172    1240358      8  1 128166386595735986 128166386595880580   34905408
128166386560974373    1219878      8  1 128166386595633061 128166386595931955   34957582
128166386560974837    1223974      8  1 128166386595710211 128166386595977730   35002893
128166386560976628    6115417      8  1 128166386595890286 128166386596029105   35052477
128166386560976455    6139993      8  1 128166386595813136 128166386596067680   35091225
128166386560976881    6095756      8  1 128166386595993211 128166386596119055   35142174
128166386560976476    6091660      8  1 128166386595838911 128166386596170430   35193954
128166386560976844    6001548      8  1 128166386595980236 128166386596241805   35264961
128166386560977133    6135897      8  1 128166386596051611 128166386596306155   35329022
128166386560977177    6131801      8  1 128166386596102986 128166386596408905   35431728
128166386561090173    4132134      8  1 128166386596183405 128166386596486055   35395882
128166386561119094    4825177      8  1 128166386597086486 128166386597243880   36124786
128166386561102604    4874329    128  1 128166386596205911 128166386597295255   36192651
128166386561108144    4821081      8  1 128166386597051180 128166386597334005   36225861
128166386561271529    3693042      8  1 128166386597293236 128166386597392405   36120876
128166386561131434    4136230      5  1 128166386597183461 128166386597418180   36286746
128166386561197126    3697138      8  1 128166386597196436 128166386597495330   36298204
128166386561283496    3734002      8  1 128166386597518911 128166386597623855   36340359
128166386561277889    3832306     32  1 128166386597339011 128166386597726780   36448891
128166386561287465    3750386      8  1 128166386597596061 128166386597778330   36490865
128166386561287507    3701234      8  1 128166386597621836 128166386597881080   36593573
128166386561287713    3754482      8  1 128166386597698986 128166386597958230   36670517
128166386561287812    3860978     72  1 128166386597724761 128166386598343630   37055818
128166386561375503    2666546      8  1 128166386598212911 128166386598420780   37045277
128166386561441328    1092902     64  1 128166386598238686 128166386598831780   37390452
128166386561443529    3705330      8  1 128166386598855361 128166386598960305   37516776
128166386561442814    1137958     32  1 128166386598675461 128166386599063230   37620416
128166386561443862    1162534      8  1 128166386598932511 128166386599140380   37696518
128166386561558661    1679569     64  1 128166386598958286 128166386599551380   37992719
128166386561597124    1726673      2  1 128166386599551380 128166386599628530   38031406
128166386561598603    1712337     27  1 128166386599397255 128166386599731280   38132677
128166386561599742    1726161      1  1 128166386599731280 128166386599770030   38170288
128166386561664488    1129766     16  1 128166386599569186 128166386599879805   38215317
128166386561754092    1101094     48  1 128166386599679905 128166386600162455   38408363
128166386561755688    1154342     16  1 128166386599980361 128166386600239605   38483917
128166386561914746    6054796      8  1 128166386600186036 128166386600290980   38376234
128166386561912540    1096998      8  1 128166386600108886 128166386600316755   38404215
128166386561914422    6050700      8  1 128166386600134661 128166386600419505   38505083
128166386561914754    6058892      8  1 128166386600237411 128166386600522255   38607501
128166386561999122    2882854     57  1 128166386600288786 128166386600830505   38831383
128166386562068569    2903334      8  1 128166386600764136 128166386600881880   38813311
128166386562068443    2886950     16  1 128166386600674186 128166386600959205   38890762
128166386562068640    2907430      8  1 128166386600841286 128166386601004980   38936340
128166386562068877    2895142      8  1 128166386600867061 128166386601107730   39038853
128166386562191523     603839     64  1 128166386600933430 128166386601505930   39314407
128166386562224013     607935     24  1 128166386601329611 128166386601667255   39443242
128166386562224703     624319     16  1 128166386601454555 128166386601738630   39513927
128166386562224894    2899238      8  1 128166386601593686 128166386601841380   39616486
128166386562225027     620223      8  1 128166386601615880 128166386601931330   39706303
128166386562226337    6038412     24  1 128166386601680230 128166386602034080   39807743
128166386562227158    6017932      8  1 128166386601982705 128166386602107786   39880628
128166386562226787    4685094      8  1 128166386601850736 128166386602136830   39910043
128166386562226989    6022028     16  1 128166386601892755 128166386602226780   39999791
128166386562364910    5370764      8  1 128166386602159161 128166386602278155   39913245
128166386562227214    6062988      8  1 128166386602056411 128166386602329530   40102316
128166386562337445    6004825      8  1 128166386602085455 128166386602393880   40056435
128166386562380879    6894476      8  1 128166386602364661 128166386602467411   40086532
128166386562381513    6898572      8  1 128166386602452280 128166386602570161   40188648
128166386562380475    5374860     24  1 128166386602210536 128166386602606405   40225930
128166386562383143    6000729      8  1 128166386602555030 128166386602673086   40289943
128166386562381043    6792076      8  1 128166386602416036 128166386602709155   40328112
128166386562382891    6890380      8  1 128166386602518786 128166386602780530   40397639
128166386562504505    6910041      8  1 128166386602657780 128166386602857680   40353175
128166386562537375    5256076      8  1 128166386602783036 128166386602909055   40371680
128166386562509165    5886041      8  1 128166386602673086 128166386602960430   40451265
128166386562529007    3174489      8  1 128166386602722130 128166386603011980   40482973
128166386562539454    5890137      8  1 128166386602944361 128166386603070380   40530926
128166386562537528    6914137      8  1 128166386602841436 128166386603121755   40584227
128166386562539351    6197337      8  1 128166386602909055 128166386603154730   40615379
128166386562539729    6205529      8  1 128166386603041336 128166386603231880   40692151
128166386562539762    5894233      8  1 128166386603054311 128166386603334630   40794868
128166386562539772    6201433      8  1 128166386603134730 128166386603398980   40859208
128166386562693431    5260172      8  1 128166386604044836 128166386604163830   41470399
128166386562638420    3182681    128  1 128166386603164261 128166386604215205   41576785
128166386562652747    3178585      8  1 128166386603971130 128166386604279555   41626808
128166386562818724    5347826     32  1 128166386604103236 128166386604492080   41673356
128166386562819031    5442034     16  1 128166386604334511 128166386604646380   41827349
128166386562821389    6475864     64  1 128166386604411661 128166386605057380   42235991
128166386562919474    5270002     32  1 128166386604800505 128166386605237280   42317806
128166386562976603    5077490     64  1 128166386605006005 128166386605622680   42646077
128166386563003003    5110258     64  1 128166386605439336 128166386606033680   43030677
128166386563003151    5237234     64  1 128166386605876111 128166386606496230   43493079
128166386563003392    5044722     64  1 128166386606261511 128166386606881630   43878238
128166386563004838    5286386     32  1 128166386606650355 128166386607061530   44056692
128166386563005256    5396978     32  1 128166386606878186 128166386607267030   44261774
128166386563005261    5425650     32  1 128166386607109461 128166386607524080   44518819
128166386563094760    5376498     32  1 128166386607289361 128166386607703980   44609220
128166386563095280    5159410     64  1 128166386607498305 128166386608089380   44994100
128166386563160396    5192178     64  1 128166386607906036 128166386608500380   45339984
128166386563161877    5364210     24  1 128166386608342811 128166386608654680   45492803
128166386563162457    5366668      8  1 128166386608603305 128166386608728386   45565929
128166386563162000    5224946     24  1 128166386608471336 128166386608828805   45666805
128166386563249461    4763737      8  1 128166386608677011 128166386608905955   45656494
128166386563270014    4391001      8  1 128166386608728386 128166386609008705   45738691
128166386563316739    4767833     32  1 128166386608770405 128166386609182830   45866091
128166386563318752    6984588      8  1 128166386609131455 128166386609256536   45937784
128166386563318391    4395097     16  1 128166386608992461 128166386609285580   45967189
128166386563318699    6763404      8  1 128166386609133786 128166386609356955   46038256
128166386563320416    6738828      8  1 128166386609298555 128166386609410661   46090245
128166386563318810    4415577      8  1 128166386609205161 128166386609446905   46128095
128166386563421333    4674444      8  1 128166386609408330 128166386609513411   46092078
128166386563319024    6767500      8  1 128166386609256536 128166386609549655   46230631
128166386563320494    6734732      8  1 128166386609359286 128166386609652405   46331911
128166386563422878    5660761     16  1 128166386609462036 128166386609755155   46332277
128166386563475009    4809612      8  1 128166386609674736 128166386609806530   46331521
128166386563477056    6747020      8  1 128166386609777486 128166386609896480   46419424
128166386563474515    5668953     16  1 128166386609601030 128166386609909455   46434940
128166386563590124    5656665      8  1 128166386609880236 128166386609983161   46393037
128166386563475009    4678540      8  1 128166386609726111 128166386610019230   46544221
128166386563477269    6751116      8  1 128166386609828861 128166386610121980   46644711
128166386563599576    5090597     64  1 128166386609967855 128166386610584530   46984954
128166386563617985    6960012     24  1 128166386610349811 128166386610694305   47076320
128166386563632594    6955916      8  1 128166386610642930 128166386610760811   47128217
128166386563632259    2152125      3  0 128166386563632259 128166386610812186   47179927
128166386563632440    5376474      8  0 128166386563632440 128166386610812186   47179746
128166386563632855    5545177      6  0 128166386563632855 128166386610848430   47215575
128166386563633423    5394484      7  0 128166386563633423 128166386610848430   47215007
128166386563629133    5413362     24  1 128166386610503936 128166386610899630   47270497
128166386564042403    3899481      8  1 128166386610870761 128166386611105061   47062658
128166386563662752    3895385      8  1 128166386610799386 128166386611113930   47451178
128166386564055837    4214053     32  1 128166386610903736 128166386611378005   47322168
128166386564069188    7130405     64  1 128166386611046661 128166386611770430   47701242
128166386564100090    4209957      8  1 128166386611554636 128166386611838711   47738621
128166386564100047    5392882      8  1 128166386611451886 128166386611847580   47747533
128166386564202275    7187749     64  1 128166386611618986 128166386612297330   48095055
128166386564207305    4201765     16  1 128166386611992836 128166386612407105   48199800
128166386564213383    7273765     48  1 128166386612095586 128166386612706486   48493103
128166386564253362    7220517     64  1 128166386612391036 128166386613094980   48841618
128166386564254832    4250917     32  1 128166386612822211 128166386613352030   49097198
128166386564256254    4246821      8  1 128166386613342986 128166386613550086   49293832
128166386564255088    4230437     32  1 128166386613034736 128166386613551755   49296667
128166386564256243    3940441      8  1 128166386613240236 128166386613616105   49359862
128166386564414601    6951820      8  1 128166386613550261 128166386613674505   49259904
128166386564362450    1750719     11  1 128166386613394536 128166386613687480   49325030
128166386564414228    6947724      8  1 128166386613621461 128166386613758855   49344627
128166386564414740    6742924      8  1 128166386613724211 128166386613861605   49446865
128166386564534148    6354551      8  1 128166386613707480 128166386613878511   49344363
128166386564517644    3946103      8  1 128166386613672836 128166386613938755   49421111
128166386564546482    6059639      8  1 128166386613810230 128166386613971730   49425248
128166386564560596    5568119      8  1 128166386613865536 128166386614074480   49513884
128166386564561816    5572215    128  1 128166386613898511 128166386614883680   50321864
128166386564562868    6063735    128  1 128166386614707711 128166386615705680   51142812
128166386564689582    4175479      8  1 128166386615654305 128166386615793961   51104379
128166386564567313    3950199     16  1 128166386615551555 128166386615828605   51261292
128166386564704009     282641      8  1 128166386615757055 128166386615918555   51214546
128166386564711738     286737    128  1 128166386615780986 128166386616740555   52028817
128166386564714376    3063825     24  1 128166386616586430 128166386616901880   52187504
128166386564718989    4179575    128  1 128166386616732936 128166386617723880   53004891
128166386564719523    6358647    128  1 128166386617569755 128166386618604455   53884932
128166386564836497     151569     24  1 128166386618360380 128166386618707205   53870708
128166386564836700    7340868      8  1 128166386618648211 128166386618809955   53973255
128166386564867972    7344964    128  1 128166386618565880 128166386619600580   54732608
128166386564997321     866107     64  1 128166386619375080 128166386619985980   54988659
128166386565005888     610321      8  1 128166386619829836 128166386620088730   55082842
128166386565030778     614417    128  1 128166386619844655 128166386620879355   55848577
128166386565036212    7253285     40  1 128166386620710411 128166386621174805   56138593
128166386565037432    4411481      8  1 128166386620930730 128166386621207780   56170348
128166386565039300    6943628      8  1 128166386621020680 128166386621231361   56192061
128166386565154548    3504235      2  1 128166386621123430 128166386621270111   56115563
128166386565150826    7520260      8  1 128166386621108611 128166386621279155   56128329
128166386565157785    6756782      8  1 128166386621179986 128166386621354286   56196501
128166386565160059    3455595     57  1 128166386621207955 128166386621761530   56601471
128166386565191883    7521284      8  1 128166386622018405 128166386622144911   56953028
128166386565188621    7525380     64  1 128166386621607405 128166386622172530   56983909
128166386565289128    5540319      8  1 128166386622022161 128166386622249680   56960552
128166386565322715    6823342     61  1 128166386622086511 128166386622635080   57312365
128166386565330836    6873518      8  1 128166386622491736 128166386622712230   57381394
128166386565347016    6757806     64  1 128166386622583705 128166386623095611   57748595
128166386565454125     426207     64  1 128166386622967086 128166386623490055   58035930
128166386565472815    4406682     11  1 128166386623352486 128166386623561430   58088615
128166386565479374     619743      4  1 128166386623493986 128166386623590961   58111587
128166386565478845    5536223      8  1 128166386623429636 128166386623632805   58153960
128166386565504333    4412826      2  1 128166386623632805 128166386623709955   58205622
128166386565607301    6790574     64  1 128166386623574405 128166386624092086   58484785
128166386565624212     577759     62  1 128166386623963561 128166386624471711   58847499
128166386565626358     352479     64  1 128166386624348961 128166386624880205   59253847
128166386565660797    6858670     29  1 128166386624818536 128166386625062611   59401814
128166386565660986    3488875     30  1 128166386625008730 128166386625298580   59637594
128166386565661935    4412314      1  1 128166386625344180 128166386625408530   59746595
128166386565661385     609503     20  1 128166386625182855 128166386625416636   59755251
128166386565661738    6854574      8  1 128166386625319486 128166386625466930   59805192
128166386565776738    3422827     64  1 128166386625365261 128166386625877930   60101192
128166386565777020       8401     64  1 128166386625809236 128166386626340480   60563460
128166386565783019    4311659     64  1 128166386626220236 128166386626741186   60958167
128166386565815354     385247     64  1 128166386626599861 128166386627125330   61309976
128166386565818026    3484779      8  1 128166386626998061 128166386627210761   61392735
128166386565917622     512223     64  1 128166386627062411 128166386627594905   61677283
128166386565930336    4298347     26  1 128166386627467636 128166386627769030   61838694
128166386565961626     479455     64  1 128166386627641761 128166386628180030   62218404
128166386565971618     544991     64  1 128166386628111336 128166386628649605   62677987
128166386565973450      49361     14  1 128166386628508280 128166386628739555   62766105
128166386566067327    1142788     24  1 128166386628611030 128166386628842305   62774978
128166386566106743    5110171      8  1 128166386628715036 128166386628927736   62820993
128166386566114609     739131     32  1 128166386628779386 128166386629106380   62991771
128166386566117552     833339     64  1 128166386628979111 128166386629517380   63399828
128166386566126834    4352619     64  1 128166386629448686 128166386629986955   63860121
128166386566129244    5120923      2  1 128166386630239311 128166386630308180   64178936
128166386566128397     898875     64  1 128166386629845630 128166386630366580   64238183
128166386566130222    5111195     18  1 128166386630303661 128166386630516361   64386139
128166386566130988    5120411      1  1 128166386630503386 128166386630536361   64405373
128166386566130244    4344427     16  1 128166386630400636 128166386630592255   64462011
128166386567279056    5489548      8  1 128166386630587736 128166386630690486   63411430
128166386567380169    4407385      8  1 128166386630536361 128166386630746555   63366386
128166386567381244    5493644      8  1 128166386630630830 128166386630780436   63399192
128166386567381280    3821657      8  1 128166386630639111 128166386630844786   63463506
128166386567516392    3825753      8  1 128166386630792155 128166386630903361   63386969
128166386567495477    4264025      8  1 128166386630729061 128166386630907880   63412403
128166386567527849    4576140      8  1 128166386630864786 128166386630966280   63438431
128166386567521146    4371340      8  1 128166386630903361 128166386631017655   63496509
128166386567537311    3784793      8  1 128166386630966280 128166386631108861   63571550
128166386567537406    5243788     16  1 128166386630954736 128166386631211611   63674205
128166386567537563    3788889      8  1 128166386631127605 128166386631270186   63732623
128166386567537509    4572044      8  1 128166386631057486 128166386631281730   63744221
128166386567537599    4580236      8  1 128166386631270186 128166386631372936   63835337
128166386567537604    3829849      8  1 128166386631224586 128166386631436030   63898426
128166386567537643    4375436      8  1 128166386631320305 128166386631462886   63925243
128166386567537651    4268121      8  1 128166386631321561 128166386631532830   63995179
128166386567693269    4759641      8  1 128166386631411511 128166386631565805   63872536
the 0 channel, 0 die, 0 plane, 2048 block has :             0 erase operations
the 0 channel, 0 die, 1 plane, 2048 block has :             0 erase operations
the 0 channel, 1 die, 0 plane, 2048 block has :             0 erase operations
the 0 channel, 1 die, 1 plane, 2048 block has :             0 erase operations
the 1 channel, 0 die, 0 plane, 2048 block has :             0 erase operations
the 1 channel, 0 die, 1 plane, 2048 block has :             0 erase operations
the 1 channel, 1 die, 0 plane, 2048 block has :             0 erase operations
the 1 channel, 1 die, 1 plane, 2048 block has :             0 erase operations


---------------------------static data---------------------------
min lsn:      17625088
max lsn: 4182970368
read count:          3310
program count:          4733
---------------------------read & program sub rate---------------------------
total program sub:          2171
total read sub:          3275
read rate: 0.601359
program rate: 0.398641
---------------------------read & program request rate---------------------------
read request count:           496
write request count:           492
read request rate: 0.502024
write request rate: 0.497976
---------------------------read & program & total & tail latency---------------------------
read request average size:     23.821743
write request average size:     14.076664
read request average response time: 33742962
write request average response time: 690609
total request average response time: 17283693
tail latency:      64462011
---------------------------Space utilization rate---------------------------
Space utilization rate: 0.000000
buffer read hits:             3
buffer read miss:             3
buffer write hits:          1964
buffer write miss:          2934
erase:             0
